1711375954: mosquitto version 2.0.18 starting
1711375954: Config loaded from /mosquitto/config/mosquitto.conf.
1711375954: Opening ipv4 listen socket on port 1883.
1711375954: Opening ipv6 listen socket on port 1883.
1711375954: mosquitto version 2.0.18 running
1711376232: mosquitto version 2.0.18 terminating
1711376232: Saving in-memory database to /mosquitto/data//mosquitto.db.
1711376295: mosquitto version 2.0.18 starting
1711376295: Config loaded from /mosquitto/config/mosquitto.conf.
1711376295: Opening ipv4 listen socket on port 1883.
1711376295: Opening ipv6 listen socket on port 1883.
1711376295: mosquitto version 2.0.18 running
1711376432: mosquitto version 2.0.18 terminating
1711376432: Saving in-memory database to /mosquitto/data//mosquitto.db.
1711376519: mosquitto version 2.0.18 starting
1711376519: Config loaded from /mosquitto/config/mosquitto.conf.
1711376519: Opening ipv4 listen socket on port 1883.
1711376519: Opening ipv6 listen socket on port 1883.
1711376519: mosquitto version 2.0.18 running
1711376587: mosquitto version 2.0.18 terminating
1711376587: Saving in-memory database to /mosquitto/data//mosquitto.db.
1711376687: mosquitto version 2.0.18 starting
1711376687: Config loaded from /mosquitto/config/mosquitto.conf.
1711376687: Opening ipv4 listen socket on port 1883.
1711376687: Opening ipv6 listen socket on port 1883.
1711376687: mosquitto version 2.0.18 running
1711378192: mosquitto version 2.0.18 terminating
1711378192: Saving in-memory database to /mosquitto/data//mosquitto.db.
1711378394: mosquitto version 2.0.18 starting
1711378394: Config loaded from /mosquitto/config/mosquitto.conf.
1711378394: Opening ipv4 listen socket on port 1883.
1711378394: Opening ipv6 listen socket on port 1883.
1711378394: mosquitto version 2.0.18 running
1711378747: mosquitto version 2.0.18 terminating
1711378747: Saving in-memory database to /mosquitto/data//mosquitto.db.
1711378861: mosquitto version 2.0.18 starting
1711378861: Config loaded from /mosquitto/config/mosquitto.conf.
1711378861: Opening ipv4 listen socket on port 1883.
1711378861: Opening ipv6 listen socket on port 1883.
1711378861: mosquitto version 2.0.18 running
1711378946: mosquitto version 2.0.18 terminating
1711378946: Saving in-memory database to /mosquitto/data//mosquitto.db.
1711379061: mosquitto version 2.0.18 starting
1711379061: Config loaded from /mosquitto/config/mosquitto.conf.
1711379061: Opening ipv4 listen socket on port 1883.
1711379061: Opening ipv6 listen socket on port 1883.
1711379061: mosquitto version 2.0.18 running
1711379095: mosquitto version 2.0.18 terminating
1711379095: Saving in-memory database to /mosquitto/data//mosquitto.db.
1711379117: mosquitto version 2.0.18 starting
1711379117: Config loaded from /mosquitto/config/mosquitto.conf.
1711379117: Opening ipv4 listen socket on port 1883.
1711379117: Opening ipv6 listen socket on port 1883.
1711379117: mosquitto version 2.0.18 running
1711379203: mosquitto version 2.0.18 terminating
1711379203: Saving in-memory database to /mosquitto/data//mosquitto.db.
1711379384: mosquitto version 2.0.18 starting
1711379384: Config loaded from /mosquitto/config/mosquitto.conf.
1711379384: Opening ipv4 listen socket on port 1883.
1711379384: Opening ipv6 listen socket on port 1883.
1711379384: mosquitto version 2.0.18 running
